<?xml version="1.0" encoding="UTF-8"?>
<!-- Generated by org.testng.reporters.JUnitReportReporter -->
<testsuite skipped="0" hostname="DESKTOP-3SUJPVT" name="Capturing_Screenshot_PDF" tests="1" failures="0" timestamp="29 Dec 2018 17:36:01 GMT" time="35.049" errors="0">
  <testcase name="capturescreenshot_PDF" time="35.049" classname="Capturing_Screenshot_PDF"/>
</testsuite> <!-- Capturing_Screenshot_PDF -->
